<?xml version="1.0" encoding="UTF-8"?>
<!-- Generated by org.testng.reporters.JUnitReportReporter -->
<testsuite hostname="sgr" failures="0" tests="1" name="testScript.SelectCategorySearch" time="53.525" errors="0" timestamp="2022-01-20T12:48:28 IST" skipped="0">
  <testcase classname="testScript.SelectCategorySearch" name="SelectCategory" time="53.525"/>
  <system-out>
    <![CDATA[Title Verified: Amazon.in : Echo
Title Verified: Amazon.in : Antivirus]]>
  </system-out>
</testsuite> <!-- testScript.SelectCategorySearch -->
