<?xml version="1.0" encoding="UTF-8"?>
<!-- Generated by org.testng.reporters.JUnitReportReporter -->
<testsuite hostname="sgr" failures="0" tests="1" name="testScript.SearchCellProduct" time="146.210" errors="0" timestamp="2022-01-19T15:54:26 IST" skipped="0">
  <testcase classname="testScript.SearchCellProduct" name="search" time="146.210"/>
  <system-out>
    <![CDATA[Title Verified: Amazon.in : Acer Nitro Laptop
Title Verified: Amazon.in : Nutella
Title Verified: Amazon.in : CoffeeMaker
Title Verified: Amazon.in : Curtain
Title Verified: Amazon.in : RollerSkates
Title Verified: Amazon.in : AC]]>
  </system-out>
</testsuite> <!-- testScript.SearchCellProduct -->
